app/build/intermediates/manifest_merge_blame_file/debug/manifest-merger-blame-debug-report.txt
1<?xml version="1.0" encoding="utf-8"?>
2<manifest xmlns:android="http://schemas.android.com/apk/res/android"
3    package="com.example.admissionguide"
4    android:versionCode="1"
5    android:versionName="1.0" >
6
7    <uses-sdk
8        android:minSdkVersion="16"
8-->src\main\AndroidManifest.xml
9        android:targetSdkVersion="30" />
9-->src\main\AndroidManifest.xml
10
11    <uses-permission android:name="android.permission.CALL_PHONE" />
11-->src\main\AndroidManifest.xml:5:5-69
11-->src\main\AndroidManifest.xml:5:22-66
12
13    <!-- Although the *SdkVersion is captured in gradle build files, this is required for non gradle builds -->
14    <!-- <uses-sdk android:minSdkVersion="14"/> -->
15    <uses-permission android:name="android.permission.ACCESS_NETWORK_STATE" />
15-->[com.google.firebase:firebase-database:20.0.2] AndroidManifest.xml:25:5-79
15-->[com.google.firebase:firebase-database:20.0.2] AndroidManifest.xml:25:22-76
16    <uses-permission android:name="android.permission.INTERNET" />
16-->[com.google.firebase:firebase-database:20.0.2] AndroidManifest.xml:26:5-67
16-->[com.google.firebase:firebase-database:20.0.2] AndroidManifest.xml:26:22-64
17
18    <application
18-->src\main\AndroidManifest.xml:7:5-44:19
19        android:allowBackup="true"
19-->src\main\AndroidManifest.xml:8:9-35
20        android:appComponentFactory="androidx.core.app.CoreComponentFactory"
20-->[androidx.core:core:1.5.0] AndroidManifest.xml:24:18-86
21        android:debuggable="true"
22        android:icon="@mipmap/ic_launcher"
22-->src\main\AndroidManifest.xml:9:9-43
23        android:label="@string/app_name"
23-->src\main\AndroidManifest.xml:10:9-41
24        android:roundIcon="@mipmap/ic_launcher_round"
24-->src\main\AndroidManifest.xml:11:9-54
25        android:supportsRtl="true"
25-->src\main\AndroidManifest.xml:12:9-35
26        android:theme="@style/Theme.AdmissionGuide" >
26-->src\main\AndroidManifest.xml:13:9-52
27        <activity android:name="com.example.admissionguide.infrastructure" />
27-->src\main\AndroidManifest.xml:14:9-61
27-->src\main\AndroidManifest.xml:14:19-49
28        <activity android:name="com.example.admissionguide.loginActivity" />
28-->src\main\AndroidManifest.xml:15:9-51
28-->src\main\AndroidManifest.xml:15:19-48
29        <activity android:name="com.example.admissionguide.fashion" />
29-->src\main\AndroidManifest.xml:16:9-45
29-->src\main\AndroidManifest.xml:16:19-42
30        <activity android:name="com.example.admissionguide.Info" />
30-->src\main\AndroidManifest.xml:17:9-42
30-->src\main\AndroidManifest.xml:17:19-39
31        <activity android:name="com.example.admissionguide.cse" />
31-->src\main\AndroidManifest.xml:18:9-41
31-->src\main\AndroidManifest.xml:18:19-38
32        <activity android:name="com.example.admissionguide.civil" />
32-->src\main\AndroidManifest.xml:19:9-43
32-->src\main\AndroidManifest.xml:19:19-40
33        <activity android:name="com.example.admissionguide.biomedical" />
33-->src\main\AndroidManifest.xml:20:9-48
33-->src\main\AndroidManifest.xml:20:19-45
34        <activity android:name="com.example.admissionguide.ECE" />
34-->src\main\AndroidManifest.xml:21:9-41
34-->src\main\AndroidManifest.xml:21:19-38
35        <activity android:name="com.example.admissionguide.EEE" />
35-->src\main\AndroidManifest.xml:22:9-41
35-->src\main\AndroidManifest.xml:22:19-38
36        <activity android:name="com.example.admissionguide.MCT" />
36-->src\main\AndroidManifest.xml:23:9-41
36-->src\main\AndroidManifest.xml:23:19-38
37        <activity android:name="com.example.admissionguide.mechanical" />
37-->src\main\AndroidManifest.xml:24:9-48
37-->src\main\AndroidManifest.xml:24:19-45
38        <activity android:name="com.example.admissionguide.facilities" />
38-->src\main\AndroidManifest.xml:25:9-48
38-->src\main\AndroidManifest.xml:25:19-45
39        <activity android:name="com.example.admissionguide.alumni" />
39-->src\main\AndroidManifest.xml:26:9-44
39-->src\main\AndroidManifest.xml:26:19-41
40        <activity android:name="com.example.admissionguide.placement" />
40-->src\main\AndroidManifest.xml:27:9-47
40-->src\main\AndroidManifest.xml:27:19-44
41        <activity android:name="com.example.admissionguide.admission" />
41-->src\main\AndroidManifest.xml:28:9-47
41-->src\main\AndroidManifest.xml:28:19-44
42        <activity android:name="com.example.admissionguide.academics" />
42-->src\main\AndroidManifest.xml:29:9-47
42-->src\main\AndroidManifest.xml:29:19-44
43        <activity android:name="com.example.admissionguide.about" />
43-->src\main\AndroidManifest.xml:30:9-43
43-->src\main\AndroidManifest.xml:30:19-40
44        <activity android:name="com.example.admissionguide.department" />
44-->src\main\AndroidManifest.xml:31:9-48
44-->src\main\AndroidManifest.xml:31:19-45
45        <activity android:name="com.example.admissionguide.navigation" />
45-->src\main\AndroidManifest.xml:32:9-48
45-->src\main\AndroidManifest.xml:32:19-45
46        <activity android:name="com.example.admissionguide.MainActivity" >
46-->src\main\AndroidManifest.xml:33:9-39:20
46-->src\main\AndroidManifest.xml:33:19-47
47            <intent-filter>
47-->src\main\AndroidManifest.xml:34:13-38:29
48                <action android:name="android.intent.action.MAIN" />
48-->src\main\AndroidManifest.xml:35:17-69
48-->src\main\AndroidManifest.xml:35:25-66
49
50                <category android:name="android.intent.category.LAUNCHER" />
50-->src\main\AndroidManifest.xml:37:17-77
50-->src\main\AndroidManifest.xml:37:27-74
51            </intent-filter>
52        </activity>
53
54        <meta-data
54-->src\main\AndroidManifest.xml:41:9-43:57
55            android:name="preloaded_fonts"
55-->src\main\AndroidManifest.xml:42:13-43
56            android:resource="@array/preloaded_fonts" />
56-->src\main\AndroidManifest.xml:43:13-54
57
58        <service
58-->[com.google.firebase:firebase-database:20.0.2] AndroidManifest.xml:29:9-35:19
59            android:name="com.google.firebase.components.ComponentDiscoveryService"
59-->[com.google.firebase:firebase-database:20.0.2] AndroidManifest.xml:30:13-84
60            android:directBootAware="true"
60-->[com.google.firebase:firebase-common:20.0.0] AndroidManifest.xml:35:13-43
61            android:exported="false" >
61-->[com.google.firebase:firebase-database:20.0.2] AndroidManifest.xml:31:13-37
62            <meta-data
62-->[com.google.firebase:firebase-database:20.0.2] AndroidManifest.xml:32:13-34:85
63                android:name="com.google.firebase.components:com.google.firebase.database.DatabaseRegistrar"
63-->[com.google.firebase:firebase-database:20.0.2] AndroidManifest.xml:33:17-109
64                android:value="com.google.firebase.components.ComponentRegistrar" />
64-->[com.google.firebase:firebase-database:20.0.2] AndroidManifest.xml:34:17-82
65        </service>
66
67        <provider
67-->[com.google.firebase:firebase-common:20.0.0] AndroidManifest.xml:26:9-31:39
68            android:name="com.google.firebase.provider.FirebaseInitProvider"
68-->[com.google.firebase:firebase-common:20.0.0] AndroidManifest.xml:27:13-77
69            android:authorities="com.example.admissionguide.firebaseinitprovider"
69-->[com.google.firebase:firebase-common:20.0.0] AndroidManifest.xml:28:13-72
70            android:directBootAware="true"
70-->[com.google.firebase:firebase-common:20.0.0] AndroidManifest.xml:29:13-43
71            android:exported="false"
71-->[com.google.firebase:firebase-common:20.0.0] AndroidManifest.xml:30:13-37
72            android:initOrder="100" />
72-->[com.google.firebase:firebase-common:20.0.0] AndroidManifest.xml:31:13-36
73
74        <activity
74-->[com.google.android.gms:play-services-base:17.1.0] AndroidManifest.xml:23:9-26:75
75            android:name="com.google.android.gms.common.api.GoogleApiActivity"
75-->[com.google.android.gms:play-services-base:17.1.0] AndroidManifest.xml:24:13-79
76            android:exported="false"
76-->[com.google.android.gms:play-services-base:17.1.0] AndroidManifest.xml:25:13-37
77            android:theme="@android:style/Theme.Translucent.NoTitleBar" />
77-->[com.google.android.gms:play-services-base:17.1.0] AndroidManifest.xml:26:13-72
78
79        <meta-data
79-->[com.google.android.gms:play-services-basement:17.0.0] AndroidManifest.xml:23:9-25:69
80            android:name="com.google.android.gms.version"
80-->[com.google.android.gms:play-services-basement:17.0.0] AndroidManifest.xml:24:13-58
81            android:value="@integer/google_play_services_version" />
81-->[com.google.android.gms:play-services-basement:17.0.0] AndroidManifest.xml:25:13-66
82    </application>
83
84</manifest>